<?xml version="1.0" encoding="UTF-8"?>
<testng-results ignored="0" total="1" passed="1" failed="0" skipped="0">
  <reporter-output>
  </reporter-output>
  <suite started-at="2025-11-26T12:45:46 IST" name="Default suite" finished-at="2025-11-26T12:45:54 IST" duration-ms="7990">
    <groups>
    </groups>
    <test started-at="2025-11-26T12:45:46 IST" name="Default test" finished-at="2025-11-26T12:45:54 IST" duration-ms="7990">
      <class name="com.Runner.Naukri">
        <test-method is-config="true" signature="setupProperty()[pri:0, instance:com.Runner.Naukri@22fcf7ab]" started-at="2025-11-26T12:45:46 IST" name="setupProperty" finished-at="2025-11-26T12:45:50 IST" duration-ms="4496" status="PASS">
          <reporter-output>
          </reporter-output>
        </test-method> <!-- setupProperty -->
        <test-method signature="validTestLogin()[pri:0, instance:com.Runner.Naukri@22fcf7ab]" started-at="2025-11-26T12:45:50 IST" name="validTestLogin" finished-at="2025-11-26T12:45:54 IST" duration-ms="3462" status="PASS">
          <reporter-output>
          </reporter-output>
        </test-method> <!-- validTestLogin -->
      </class> <!-- com.Runner.Naukri -->
    </test> <!-- Default test -->
  </suite> <!-- Default suite -->
</testng-results>
